HP2PCO-13>APMI04,WIDE2-1,qAR,HP2DFA-1:=0921.46N/07953.61W_ DIGIPEATER PCARA OESTE EN LA CIUDAD DE COLON RED APRS PANAMA II 12.7V
HP2PCO-13>APMI02,WIDE2-2,qAR,HP2DFA-6:=0921.46N/07953.61W_ WX STATION PCARA OESTE EN LA CIUDAD DE COLON RED APRS PANAMA II 12.7V
HP2PCO-13>APMI04,WIDE2-1,qAR,HP2DFA-1:=0921.46N/07953.61W_ DIGIPEATER PCARA OESTE EN LA CIUDAD DE COLON RED APRS PANAMA II 12.7V
HP2PCO-13>APMI02,WIDE2-2,qAR,HP2DFA-1:=0921.46N/07953.61W_ WX STATION PCARA OESTE EN LA CIUDAD DE COLON RED APRS PANAMA II 12.7V
HP2PCO-13>APMI04,WIDE2-1,qAR,HP2DFA-1:=0921.46N/07953.61W_ DIGIPEATER PCARA OESTE EN LA CIUDAD DE COLON RED APRS PANAMA II 12.7V
HP2PCO-13>APMI04,DIRECT,qAR,HP2DFA-6::HP2PCO-13:BITS.11111111,HP2PCO-3 Telemetry
HP2PCO-13>APMI04,DIRECT,qAR,HP2DFA-6::HP2PCO-13:EQNS.0,0.079,0,0,10,0,0,10,0,0,1,0,0,0,0
HP2PCO-13>APMI04,DIRECT,qAR,HP2DFA-6::HP2PCO-13:UNIT.Volt,Pkt,Pkt,Pcnt,None,On,On,On,On,Hi,Hi,Hi,Hi
HP2PCO-13>APMI04,DIRECT,qAR,HP2DFA-1::HP2PCO-13:PARM.Vin,Rx1h,Dg1h,Eff1h,A5,O1,O2,O3,O4,I1,I2,I3,I4
HP2PCO-13>APMI02,WIDE2-2,qAR,HP2DFA-1:=0921.46N/07953.61W_ WX STATION PCARA OESTE EN LA CIUDAD DE COLON RED APRS PANAMA II 12.7V
HP2PCO-13>APMI04,WIDE2-1,qAR,HP2DFA-1:=0921.46N/07953.61W_ DIGIPEATER PCARA OESTE EN LA CIUDAD DE COLON RED APRS PANAMA II 12.7V
HP2PCO-13>APMI02,WIDE2-2,qAR,HP2DFA-6:=0921.46N/07953.61W_ WX STATION PCARA OESTE EN LA CIUDAD DE COLON RED APRS PANAMA II 12.7V
HP2PCO-13>APMI04,WIDE2-1,qAO,HP2DFA-6:=0921.46N/07953.61W_ DIGIPEATER PCARA OESTE EN LA CIUDAD DE COLON RED APRS PANAMA II 12.7V
HP2PCO-13>APMI02,WIDE2-2,qAR,HP2DFA-1:=0921.46N/07953.61W_ WX STATION PCARA OESTE EN LA CIUDAD DE COLON RED APRS PANAMA II 12.7V
HP2PCO-13>APMI04,WIDE2-1,qAR,HP2DFA-1:=0921.46N/07953.61W_ DIGIPEATER PCARA OESTE EN LA CIUDAD DE COLON RED APRS PANAMA II 12.7V
HP2PCO-13>APMI02,WIDE2-2,qAR,HP2DFA-1:=0921.46N/07953.61W_ WX STATION PCARA OESTE EN LA CIUDAD DE COLON RED APRS PANAMA II 12.7V
HP2PCO-13>APMI04,DIRECT,qAR,HP2DFA-6::HP2PCO-13:BITS.11111111,HP2PCO-3 Telemetry
HP2PCO-13>APMI04,DIRECT,qAO,HP2DFA-6::HP2PCO-13:EQNS.0,0.079,0,0,10,0,0,10,0,0,1,0,0,0,0
HP2PCO-13>APMI04,DIRECT,qAR,HP2DFA-6::HP2PCO-13:UNIT.Volt,Pkt,Pkt,Pcnt,None,On,On,On,On,Hi,Hi,Hi,Hi
HP2PCO-13>APMI04,DIRECT,qAR,HP2DFA-1::HP2PCO-13:PARM.Vin,Rx1h,Dg1h,Eff1h,A5,O1,O2,O3,O4,I1,I2,I3,I4
HP2PCO-13>APMI02,WIDE2-2,qAR,HP2DFA-1:=0921.46N/07953.61W_ WX STATION PCARA OESTE EN LA CIUDAD DE COLON RED APRS PANAMA II 12.7V
HP2PCO-13>APMI04,WIDE2-1,qAR,HP2DFA-1:=0921.46N/07953.61W_ DIGIPEATER PCARA OESTE EN LA CIUDAD DE COLON RED APRS PANAMA II 12.7V
HP2PCO-13>APMI02,WIDE2-2,qAR,HP2DFA-6:=0921.46N/07953.61W_ WX STATION PCARA OESTE EN LA CIUDAD DE COLON RED APRS PANAMA II 12.7V
HP2PCO-13>APMI04,WIDE2-1,qAR,HP2DFA-1:=0921.46N/07953.61W_ DIGIPEATER PCARA OESTE EN LA CIUDAD DE COLON RED APRS PANAMA II 12.7V
HP2PCO-13>APMI02,WIDE2-2,qAR,HP2DFA-1:=0921.46N/07953.61W_ WX STATION PCARA OESTE EN LA CIUDAD DE COLON RED APRS PANAMA II 12.7V
HP1CDB-10>APHP01,TCPIP*,qAC,T2SJC:!0902.40N/07925.04W-HP1CDB Carlos Daniel Baquero 73. / Raspbian Proyect by hp3icc
HP1CDB-10>APHP01,TCPIP*,qAC,T2MCI:!0902.40N/07925.04W-HP1CDB Carlos Daniel Baquero 73. / Raspbian Proyect by hp3icc
HP1CDB-10>APHP01,TCPIP*,qAC,T2MCI:!0902.40N/07925.04W-HP1CDB Carlos Daniel Baquero 73. / Raspbian Proyect by hp3icc
UR4UWA-4>APMI03,WIDE2-2,qAR,UT3UKU-10:@221717z5032.04N/03036.30E-PLXDigi U=12.3V.
UR4UWA-4>APMI03,WIDE2-2,qAR,UT3UKU-10::UR4UWA-4 :BITS.11111111,PLXDigi Telemetry
UR4UWA-4>APMI03,WIDE2-2,qAR,UT3UKU-10::UR4UWA-4 :EQNS.0,0.075,0,0,1,0,0,1,0,0,1,0,0,1,0
UR4UWA-4>APMI03,WIDE2-2,qAR,UT3UKU-10::UR4UWA-4 :UNIT.Volt,Pkt,Pkt,Pcnt,Pcnt,On,On,On,On,Hi,Hi,Hi,Hi
UR4UWA-4>APMI03,WIDE2-2,qAR,UT3UKU-10::UR4UWA-4 :PARM.Vin,Rx1h,Dg1h,Eff1h,Eff,O1,O2,O3,O4,I1,I2,I3,I4

UT3UKU-10>APJI43,UR4UWA-4,WIDE2-1:<IGATE,MSG_CNT=0,LOC_CNT=3